<?xml version="1.0" encoding="UTF-8"?>
<!-- Generated by org.testng.reporters.JUnitXMLReporter -->
<testsuite ignored="0" hostname="Toshif" failures="0" tests="1" name="Test-Runner-Firefox" time="23.147" errors="0" timestamp="2023-10-09T19:55:17 IST">
  <testcase classname="com.organization.OrganizationTest" name="organizationPage1" time="12.042"/>
</testsuite> <!-- Test-Runner-Firefox -->
