<?xml version="1.0" encoding="UTF-8"?>
<!-- Generated by org.testng.reporters.JUnitXMLReporter -->
<testsuite ignored="0" hostname="Toshif" failures="0" tests="5" name="Test-Runner-2" time="84.702" errors="0" timestamp="2023-10-09T19:31:35 IST">
  <testcase classname="com.organization.ReadDataFromMultipleTest" name="readMultipleData" time="10.869"/>
  <testcase classname="com.organization.ReadDataFromMultipleTest" name="readMultipleData" time="10.32"/>
  <testcase classname="com.organization.ReadDataFromMultipleTest" name="readMultipleData" time="10.615"/>
  <testcase classname="com.organization.ReadDataFromMultipleTest" name="readMultipleData" time="9.473"/>
  <testcase classname="com.organization.ReadDataFromMultipleTest" name="readMultipleData" time="10.353"/>
</testsuite> <!-- Test-Runner-2 -->
