<?xml version="1.0" encoding="UTF-8"?>
<!-- Generated by org.testng.reporters.JUnitReportReporter -->
<testsuite hostname="Toshif" failures="0" tests="3" name="com.PractiseExcersise.MyPractise" time="0.005" errors="0" timestamp="2023-10-02T10:20:24 IST" skipped="0">
  <testcase classname="com.PractiseExcersise.MyPractise" name="dataProvider" time="0.004"/>
  <system-out/>
  <testcase classname="com.PractiseExcersise.MyPractise" name="dataProvider" time="0.001"/>
  <system-out/>
  <testcase classname="com.PractiseExcersise.MyPractise" name="dataProvider" time="0.000"/>
  <system-out/>
</testsuite> <!-- com.PractiseExcersise.MyPractise -->
