<?xml version="1.0" encoding="UTF-8"?>
<!-- Generated by org.testng.reporters.JUnitReportReporter -->
<testsuite hostname="Toshif" failures="0" tests="1" name="com.organization.OrganizationTest" time="13.690" errors="0" timestamp="2023-10-12T13:23:35 IST" skipped="0">
  <testcase classname="com.organization.OrganizationTest" name="organizationPage1" time="13.690"/>
  <system-out/>
</testsuite> <!-- com.organization.OrganizationTest -->
