<?xml version="1.0" encoding="UTF-8"?>
<!-- Generated by org.testng.reporters.JUnitReportReporter -->
<testsuite hostname="Toshif" failures="0" tests="1" name="com.PractiseExcersise.ReadDataCmdLine" time="0.005" errors="0" timestamp="2023-10-08T17:57:35 IST" skipped="0">
  <testcase classname="com.PractiseExcersise.ReadDataCmdLine" name="cmdlineRead" time="0.005"/>
  <system-out/>
</testsuite> <!-- com.PractiseExcersise.ReadDataCmdLine -->
