<?xml version="1.0" encoding="UTF-8"?>
<!-- Generated by org.testng.reporters.JUnitReportReporter -->
<testsuite hostname="Toshif" failures="0" tests="5" name="com.organization.ReadDataFromMultipleTest" time="73.740" errors="0" timestamp="2023-10-09T19:31:35 IST" skipped="0">
  <testcase classname="com.organization.ReadDataFromMultipleTest" name="readMultipleData" time="14.548"/>
  <system-out/>
  <testcase classname="com.organization.ReadDataFromMultipleTest" name="readMultipleData" time="14.151"/>
  <system-out/>
  <testcase classname="com.organization.ReadDataFromMultipleTest" name="readMultipleData" time="13.718"/>
  <system-out/>
  <testcase classname="com.organization.ReadDataFromMultipleTest" name="readMultipleData" time="16.770"/>
  <system-out/>
  <testcase classname="com.organization.ReadDataFromMultipleTest" name="readMultipleData" time="14.553"/>
  <system-out/>
</testsuite> <!-- com.organization.ReadDataFromMultipleTest -->
