<?xml version="1.0" encoding="UTF-8"?>
<!-- Generated by org.testng.reporters.JUnitReportReporter -->
<testsuite hostname="Toshif" failures="0" tests="1" name="com.PractiseExcersise.MyPractiseTest" time="0.020" errors="0" timestamp="2023-10-11T19:25:24 IST" skipped="0">
  <testcase classname="com.PractiseExcersise.MyPractiseTest" name="date1" time="0.020"/>
  <system-out>
    <![CDATA[Wed Oct 11 19:25:24 IST 2023]]>
  </system-out>
</testsuite> <!-- com.PractiseExcersise.MyPractiseTest -->
